{"common.blocks\\environment-checker\\environment-checker.js":{"b":{},"branchMap":{},"f":{"1":1,"2":2},"fnMap":{"1":{"line":10,"loc":{"end":{"column":28,"line":10},"start":{"column":1,"line":10}},"name":"(anonymous_1)"},"2":{"line":13,"loc":{"end":{"column":20,"line":13},"start":{"column":8,"line":13}},"name":"(anonymous_2)"}},"path":"common.blocks\\environment-checker\\environment-checker.js","s":{"1":1,"2":1,"3":2},"statementMap":{"1":{"end":{"column":2,"line":19},"start":{"column":0,"line":4}},"2":{"end":{"column":6,"line":17},"start":{"column":2,"line":11}},"3":{"end":{"column":34,"line":14},"start":{"column":5,"line":14}}},"l":{"4":1,"11":1,"14":2}},"desktop.blocks\\form\\_id\\form_id_browser-debug.js":{"path":"desktop.blocks\\form\\_id\\form_id_browser-debug.js","s":{"1":0,"2":0,"3":0,"4":0,"5":0,"6":0,"7":0},"b":{"1":[0,0]},"f":{"1":0,"2":0,"3":0},"fnMap":{"1":{"name":"(anonymous_1)","line":10,"loc":{"start":{"line":10,"column":1},"end":{"line":10,"column":28}}},"2":{"name":"(anonymous_2)","line":18,"loc":{"start":{"line":18,"column":9},"end":{"line":18,"column":21}}},"3":{"name":"(anonymous_3)","line":28,"loc":{"start":{"line":28,"column":21},"end":{"line":28,"column":40}}}},"statementMap":{"1":{"start":{"line":4,"column":0},"end":{"line":38,"column":2}},"2":{"start":{"line":11,"column":2},"end":{"line":36,"column":5}},"3":{"start":{"line":19,"column":6},"end":{"line":19,"column":41}},"4":{"start":{"line":20,"column":6},"end":{"line":20,"column":58}},"5":{"start":{"line":29,"column":5},"end":{"line":31,"column":6}},"6":{"start":{"line":30,"column":6},"end":{"line":30,"column":37}},"7":{"start":{"line":33,"column":5},"end":{"line":33,"column":24}}},"branchMap":{"1":{"line":29,"type":"if","locations":[{"start":{"line":29,"column":5},"end":{"line":29,"column":5}},{"start":{"line":29,"column":5},"end":{"line":29,"column":5}}]}},"l":{"4":0,"11":0,"19":0,"20":0,"29":0,"30":0,"33":0}},"desktop.blocks\\form\\_id\\form_id_spy-and-stub.js":{"path":"desktop.blocks\\form\\_id\\form_id_spy-and-stub.js","s":{"1":0,"2":0,"3":0,"4":0,"5":0,"6":0,"7":0,"8":0,"9":0},"b":{},"f":{"1":0,"2":0,"3":0,"4":0,"5":0},"fnMap":{"1":{"name":"(anonymous_1)","line":10,"loc":{"start":{"line":10,"column":1},"end":{"line":10,"column":28}}},"2":{"name":"(anonymous_2)","line":18,"loc":{"start":{"line":18,"column":9},"end":{"line":18,"column":21}}},"3":{"name":"(anonymous_3)","line":30,"loc":{"start":{"line":30,"column":16},"end":{"line":30,"column":28}}},"4":{"name":"(anonymous_4)","line":38,"loc":{"start":{"line":38,"column":19},"end":{"line":38,"column":38}}},"5":{"name":"(anonymous_5)","line":48,"loc":{"start":{"line":48,"column":17},"end":{"line":48,"column":31}}}},"statementMap":{"1":{"start":{"line":4,"column":0},"end":{"line":54,"column":2}},"2":{"start":{"line":11,"column":2},"end":{"line":52,"column":5}},"3":{"start":{"line":19,"column":6},"end":{"line":19,"column":41}},"4":{"start":{"line":21,"column":6},"end":{"line":21,"column":49}},"5":{"start":{"line":22,"column":6},"end":{"line":22,"column":55}},"6":{"start":{"line":31,"column":5},"end":{"line":31,"column":54}},"7":{"start":{"line":39,"column":5},"end":{"line":39,"column":41}},"8":{"start":{"line":40,"column":5},"end":{"line":40,"column":56}},"9":{"start":{"line":49,"column":5},"end":{"line":49,"column":27}}},"branchMap":{},"l":{"4":0,"11":0,"19":0,"21":0,"22":0,"31":0,"39":0,"40":0,"49":0}},"common.blocks\\form\\form.js":{"path":"common.blocks\\form\\form.js","s":{"1":0,"2":0,"3":0,"4":0,"5":0,"6":0,"7":0,"8":0,"9":0,"10":0,"11":0},"b":{"1":[0,0],"2":[0,0]},"f":{"1":0,"2":0,"3":0},"fnMap":{"1":{"name":"(anonymous_1)","line":10,"loc":{"start":{"line":10,"column":1},"end":{"line":10,"column":28}}},"2":{"name":"(anonymous_2)","line":13,"loc":{"start":{"line":13,"column":8},"end":{"line":13,"column":20}}},"3":{"name":"(anonymous_3)","line":23,"loc":{"start":{"line":23,"column":14},"end":{"line":23,"column":26}}}},"statementMap":{"1":{"start":{"line":4,"column":0},"end":{"line":42,"column":2}},"2":{"start":{"line":11,"column":2},"end":{"line":40,"column":6}},"3":{"start":{"line":14,"column":5},"end":{"line":14,"column":43}},"4":{"start":{"line":24,"column":4},"end":{"line":24,"column":42}},"5":{"start":{"line":25,"column":4},"end":{"line":27,"column":7}},"6":{"start":{"line":29,"column":4},"end":{"line":31,"column":5}},"7":{"start":{"line":30,"column":5},"end":{"line":30,"column":18}},"8":{"start":{"line":33,"column":4},"end":{"line":35,"column":5}},"9":{"start":{"line":34,"column":5},"end":{"line":34,"column":18}},"10":{"start":{"line":37,"column":4},"end":{"line":37,"column":24}},"11":{"start":{"line":38,"column":4},"end":{"line":38,"column":16}}},"branchMap":{"1":{"line":29,"type":"if","locations":[{"start":{"line":29,"column":4},"end":{"line":29,"column":4}},{"start":{"line":29,"column":4},"end":{"line":29,"column":4}}]},"2":{"line":33,"type":"if","locations":[{"start":{"line":33,"column":4},"end":{"line":33,"column":4}},{"start":{"line":33,"column":4},"end":{"line":33,"column":4}}]}},"l":{"4":0,"11":0,"14":0,"24":0,"25":0,"29":0,"30":0,"33":0,"34":0,"37":0,"38":0}},"common.blocks\\form\\_ajax\\form_ajax.js":{"path":"common.blocks\\form\\_ajax\\form_ajax.js","s":{"1":0,"2":0,"3":0,"4":0,"5":0,"6":0,"7":0,"8":0,"9":0,"10":0,"11":0,"12":0,"13":0,"14":0,"15":0,"16":0,"17":0,"18":0,"19":0},"b":{"1":[0,0],"2":[0,0],"3":[0,0],"4":[0,0],"5":[0,0],"6":[0,0]},"f":{"1":0,"2":0,"3":0,"4":0,"5":0,"6":0,"7":0},"fnMap":{"1":{"name":"(anonymous_1)","line":10,"loc":{"start":{"line":10,"column":1},"end":{"line":10,"column":30}}},"2":{"name":"(anonymous_2)","line":17,"loc":{"start":{"line":17,"column":8},"end":{"line":17,"column":19}}},"3":{"name":"(anonymous_3)","line":22,"loc":{"start":{"line":22,"column":14},"end":{"line":22,"column":26}}},"4":{"name":"(anonymous_4)","line":40,"loc":{"start":{"line":40,"column":20},"end":{"line":40,"column":38}}},"5":{"name":"(anonymous_5)","line":49,"loc":{"start":{"line":49,"column":14},"end":{"line":49,"column":34}}},"6":{"name":"(anonymous_6)","line":56,"loc":{"start":{"line":56,"column":25},"end":{"line":56,"column":37}}},"7":{"name":"(anonymous_7)","line":66,"loc":{"start":{"line":66,"column":12},"end":{"line":66,"column":24}}}},"statementMap":{"1":{"start":{"line":4,"column":0},"end":{"line":73,"column":2}},"2":{"start":{"line":11,"column":2},"end":{"line":71,"column":6}},"3":{"start":{"line":18,"column":5},"end":{"line":18,"column":40}},"4":{"start":{"line":23,"column":4},"end":{"line":27,"column":6}},"5":{"start":{"line":28,"column":4},"end":{"line":28,"column":34}},"6":{"start":{"line":29,"column":4},"end":{"line":29,"column":17}},"7":{"start":{"line":41,"column":4},"end":{"line":41,"column":21}},"8":{"start":{"line":42,"column":4},"end":{"line":42,"column":42}},"9":{"start":{"line":43,"column":4},"end":{"line":43,"column":28}},"10":{"start":{"line":44,"column":4},"end":{"line":69,"column":7}},"11":{"start":{"line":50,"column":6},"end":{"line":50,"column":32}},"12":{"start":{"line":51,"column":6},"end":{"line":51,"column":35}},"13":{"start":{"line":53,"column":6},"end":{"line":64,"column":7}},"14":{"start":{"line":54,"column":7},"end":{"line":54,"column":31}},"15":{"start":{"line":55,"column":7},"end":{"line":55,"column":43}},"16":{"start":{"line":56,"column":7},"end":{"line":61,"column":26}},"17":{"start":{"line":57,"column":8},"end":{"line":60,"column":11}},"18":{"start":{"line":63,"column":7},"end":{"line":63,"column":43}},"19":{"start":{"line":67,"column":6},"end":{"line":67,"column":29}}},"branchMap":{"1":{"line":42,"type":"binary-expr","locations":[{"start":{"line":42,"column":17},"end":{"line":42,"column":31}},{"start":{"line":42,"column":35},"end":{"line":42,"column":41}}]},"2":{"line":43,"type":"binary-expr","locations":[{"start":{"line":43,"column":14},"end":{"line":43,"column":21}},{"start":{"line":43,"column":25},"end":{"line":43,"column":27}}]},"3":{"line":46,"type":"binary-expr","locations":[{"start":{"line":46,"column":11},"end":{"line":46,"column":23}},{"start":{"line":46,"column":27},"end":{"line":46,"column":29}}]},"4":{"line":50,"type":"binary-expr","locations":[{"start":{"line":50,"column":17},"end":{"line":50,"column":25}},{"start":{"line":50,"column":29},"end":{"line":50,"column":31}}]},"5":{"line":53,"type":"if","locations":[{"start":{"line":53,"column":6},"end":{"line":53,"column":6}},{"start":{"line":53,"column":6},"end":{"line":53,"column":6}}]},"6":{"line":55,"type":"binary-expr","locations":[{"start":{"line":55,"column":21},"end":{"line":55,"column":37}},{"start":{"line":55,"column":41},"end":{"line":55,"column":42}}]}},"l":{"4":0,"11":0,"18":0,"23":0,"28":0,"29":0,"41":0,"42":0,"43":0,"44":0,"50":0,"51":0,"53":0,"54":0,"55":0,"56":0,"57":0,"63":0,"67":0}},"common.blocks\\simple\\simple.js":{"path":"common.blocks\\simple\\simple.js","s":{"1":0,"2":0,"3":0},"b":{},"f":{"1":0,"2":0},"fnMap":{"1":{"name":"(anonymous_1)","line":10,"loc":{"start":{"line":10,"column":1},"end":{"line":10,"column":28}}},"2":{"name":"(anonymous_2)","line":13,"loc":{"start":{"line":13,"column":8},"end":{"line":13,"column":20}}}},"statementMap":{"1":{"start":{"line":4,"column":0},"end":{"line":19,"column":2}},"2":{"start":{"line":11,"column":2},"end":{"line":17,"column":6}},"3":{"start":{"line":14,"column":5},"end":{"line":14,"column":37}}},"branchMap":{},"l":{"4":0,"11":0,"14":0}}}